<?xml version="1.0" encoding="utf-8" ?>
<!DOCTYPE html PUBLIC "-//W3C//DTD XHTML 1.0 Strict//EN"
        "http://www.w3.org/TR/xhtml1/DTD/xhtml1-strict.dtd">
<html xmlns="http://www.w3.org/1999/xhtml" xml:lang="" lang="">
<head>
  <title>Test Results Report - Login</title>
  <meta http-equiv="Content-Type" content="text/html;charset=utf-8" />
  <meta name="description" content="TestNG unit test results." />
  <link href="reportng.css" rel="stylesheet" type="text/css" />
    <script type="text/javascript" src="reportng.js"></script>
</head>
<body>
<h1>Login</h1>
<p>
  Test duration: 14.275s
</p>



  <table class="resultsTable">
    <tr><th colspan="3" class="header failed">Failed Tests</th></tr>
          <tr>
        <td colspan="3" class="group">com.yahoo.test.LoginTest</td>
      </tr>
            
<tr>
  <td class="method">
                  login
      </td>
  <td class="duration">
    0.037s
  </td>
  <td class="result">
        
          <i>Method arguments: </i><span class="arguments">"lisi", "zhang.1595159"</span><br />
    
        

        <a href="javascript:toggleElement('exception-0', 'block')" title="Click to expand/collapse"><b>org.openqa.selenium.NoSuchElementException: no such element: Unable to locate element: {&quot;method&quot;:&quot;xpath&quot;,&quot;selector&quot;:&quot;//input[@name=&apos;account&apos;]&quot;}<br/>
&nbsp; (Session info: chrome=85.0.4183.83)<br/>
For documentation on this error, please visit: https://www.seleniumhq.org/exceptions/no_such_element.html<br/>
Build info: version: &apos;3.141.59&apos;, revision: &apos;e82be7d358&apos;, time: &apos;2018-11-14T08:25:53&apos;<br/>
System info: host: &apos;DESKTOP-A3QQ0T7&apos;, ip: &apos;192.168.137.1&apos;, os.name: &apos;Windows 10&apos;, os.arch: &apos;amd64&apos;, os.version: &apos;10.0&apos;, java.version: &apos;1.8.0_121&apos;<br/>
Driver info: org.openqa.selenium.chrome.ChromeDriver<br/>
Capabilities {acceptInsecureCerts: false, browserName: chrome, browserVersion: 85.0.4183.83, chrome: {chromedriverVersion: 85.0.4183.87 (cd6713ebf92fa..., userDataDir: C:\Users\zhang.sun\AppData\...}, goog:chromeOptions: {debuggerAddress: localhost:52625}, javascriptEnabled: true, networkConnectionEnabled: false, pageLoadStrategy: normal, platform: WINDOWS, platformName: WINDOWS, proxy: Proxy(), setWindowRect: true, strictFileInteractability: false, timeouts: {implicit: 0, pageLoad: 300000, script: 30000}, unhandledPromptBehavior: dismiss and notify, webauthn:virtualAuthenticators: true}<br/>
Session ID: e682d821c975251fea8f4add799571cf<br/>
*** Element info: {Using=xpath, value=//input[@name=&apos;account&apos;]}</b></a><br />
    <div class="stackTrace" id="exception-0">
              sun.reflect.NativeConstructorAccessorImpl.newInstance0(Native Method)<br />
              sun.reflect.NativeConstructorAccessorImpl.newInstance(NativeConstructorAccessorImpl.java:62)<br />
              sun.reflect.DelegatingConstructorAccessorImpl.newInstance(DelegatingConstructorAccessorImpl.java:45)<br />
              java.lang.reflect.Constructor.newInstance(Constructor.java:423)<br />
              org.openqa.selenium.remote.http.W3CHttpResponseCodec.createException(W3CHttpResponseCodec.java:187)<br />
              org.openqa.selenium.remote.http.W3CHttpResponseCodec.decode(W3CHttpResponseCodec.java:122)<br />
              org.openqa.selenium.remote.http.W3CHttpResponseCodec.decode(W3CHttpResponseCodec.java:49)<br />
              org.openqa.selenium.remote.HttpCommandExecutor.execute(HttpCommandExecutor.java:158)<br />
              org.openqa.selenium.remote.service.DriverCommandExecutor.execute(DriverCommandExecutor.java:83)<br />
              org.openqa.selenium.remote.RemoteWebDriver.execute(RemoteWebDriver.java:552)<br />
              org.openqa.selenium.remote.RemoteWebDriver.findElement(RemoteWebDriver.java:323)<br />
              org.openqa.selenium.remote.RemoteWebDriver.findElementByXPath(RemoteWebDriver.java:428)<br />
              org.openqa.selenium.By$ByXPath.findElement(By.java:353)<br />
              org.openqa.selenium.remote.RemoteWebDriver.findElement(RemoteWebDriver.java:315)<br />
              org.openqa.selenium.support.pagefactory.DefaultElementLocator.findElement(DefaultElementLocator.java:69)<br />
              org.openqa.selenium.support.pagefactory.internal.LocatingElementHandler.invoke(LocatingElementHandler.java:38)<br />
              com.sun.proxy.$Proxy10.sendKeys(Unknown Source)<br />
              com.yahoo.actions.LogAction.login(LogAction.java:17)<br />
              com.yahoo.test.LoginTest.login(LoginTest.java:32)<br />
              sun.reflect.NativeMethodAccessorImpl.invoke0(Native Method)<br />
              sun.reflect.NativeMethodAccessorImpl.invoke(NativeMethodAccessorImpl.java:62)<br />
              sun.reflect.DelegatingMethodAccessorImpl.invoke(DelegatingMethodAccessorImpl.java:43)<br />
              java.lang.reflect.Method.invoke(Method.java:498)<br />
              org.testng.internal.MethodInvocationHelper.invokeMethod(MethodInvocationHelper.java:133)<br />
              org.testng.internal.InvokeMethodRunnable.runOne(InvokeMethodRunnable.java:51)<br />
              org.testng.internal.InvokeMethodRunnable.run(InvokeMethodRunnable.java:41)<br />
              java.util.concurrent.Executors$RunnableAdapter.call(Executors.java:511)<br />
              java.util.concurrent.FutureTask.run(FutureTask.java:266)<br />
              java.util.concurrent.ThreadPoolExecutor.runWorker(ThreadPoolExecutor.java:1142)<br />
              java.util.concurrent.ThreadPoolExecutor$Worker.run(ThreadPoolExecutor.java:617)<br />
              java.lang.Thread.run(Thread.java:745)<br />
                </div>
      </td>
</tr>
<tr>
  <td class="method">
                  login
      </td>
  <td class="duration">
    10.002s
  </td>
  <td class="result">
        
          <i>Method arguments: </i><span class="arguments">"wangwu", "zhang.1595159"</span><br />
    
        

        <a href="javascript:toggleElement('exception-1', 'block')" title="Click to expand/collapse"><b>org.testng.internal.thread.ThreadTimeoutException:
            Method com.yahoo.test.LoginTest.login() didn&apos;t finish within the time-out 10000</b></a><br />
    <div class="stackTrace" id="exception-1">
              java.net.SocketInputStream.socketRead0(Native Method)<br />
              java.net.SocketInputStream.socketRead(SocketInputStream.java:116)<br />
              java.net.SocketInputStream.read(SocketInputStream.java:171)<br />
              java.net.SocketInputStream.read(SocketInputStream.java:141)<br />
              okio.Okio$2.read(Okio.java:140)<br />
              okio.AsyncTimeout$2.read(AsyncTimeout.java:237)<br />
              okio.RealBufferedSource.indexOf(RealBufferedSource.java:355)<br />
              okio.RealBufferedSource.readUtf8LineStrict(RealBufferedSource.java:227)<br />
              okhttp3.internal.http1.Http1Codec.readHeaderLine(Http1Codec.java:215)<br />
              okhttp3.internal.http1.Http1Codec.readResponseHeaders(Http1Codec.java:189)<br />
              okhttp3.internal.http.CallServerInterceptor.intercept(CallServerInterceptor.java:88)<br />
              okhttp3.internal.http.RealInterceptorChain.proceed(RealInterceptorChain.java:147)<br />
              okhttp3.internal.http.RealInterceptorChain.proceed(RealInterceptorChain.java:121)<br />
              org.openqa.selenium.remote.internal.OkHttpClient$Factory$1.lambda$createClient$1(OkHttpClient.java:152)<br />
              org.openqa.selenium.remote.internal.OkHttpClient$Factory$1$$Lambda$24/827084938.intercept(Unknown Source)<br />
              okhttp3.internal.http.RealInterceptorChain.proceed(RealInterceptorChain.java:147)<br />
              okhttp3.internal.connection.ConnectInterceptor.intercept(ConnectInterceptor.java:45)<br />
              okhttp3.internal.http.RealInterceptorChain.proceed(RealInterceptorChain.java:147)<br />
              okhttp3.internal.http.RealInterceptorChain.proceed(RealInterceptorChain.java:121)<br />
              okhttp3.internal.cache.CacheInterceptor.intercept(CacheInterceptor.java:93)<br />
              okhttp3.internal.http.RealInterceptorChain.proceed(RealInterceptorChain.java:147)<br />
              okhttp3.internal.http.RealInterceptorChain.proceed(RealInterceptorChain.java:121)<br />
              okhttp3.internal.http.BridgeInterceptor.intercept(BridgeInterceptor.java:93)<br />
              okhttp3.internal.http.RealInterceptorChain.proceed(RealInterceptorChain.java:147)<br />
              okhttp3.internal.http.RetryAndFollowUpInterceptor.intercept(RetryAndFollowUpInterceptor.java:126)<br />
              okhttp3.internal.http.RealInterceptorChain.proceed(RealInterceptorChain.java:147)<br />
              okhttp3.internal.http.RealInterceptorChain.proceed(RealInterceptorChain.java:121)<br />
              okhttp3.RealCall.getResponseWithInterceptorChain(RealCall.java:200)<br />
              okhttp3.RealCall.execute(RealCall.java:77)<br />
              org.openqa.selenium.remote.internal.OkHttpClient.execute(OkHttpClient.java:103)<br />
              org.openqa.selenium.remote.HttpCommandExecutor.execute(HttpCommandExecutor.java:155)<br />
              org.openqa.selenium.remote.service.DriverCommandExecutor.execute(DriverCommandExecutor.java:83)<br />
              org.openqa.selenium.remote.RemoteWebDriver.execute(RemoteWebDriver.java:552)<br />
              org.openqa.selenium.remote.RemoteWebDriver.findElement(RemoteWebDriver.java:323)<br />
              org.openqa.selenium.remote.RemoteWebDriver.findElementByXPath(RemoteWebDriver.java:428)<br />
              org.openqa.selenium.By$ByXPath.findElement(By.java:353)<br />
              org.openqa.selenium.remote.RemoteWebDriver.findElement(RemoteWebDriver.java:315)<br />
              org.openqa.selenium.support.pagefactory.DefaultElementLocator.findElement(DefaultElementLocator.java:69)<br />
              org.openqa.selenium.support.pagefactory.internal.LocatingElementHandler.invoke(LocatingElementHandler.java:38)<br />
              com.sun.proxy.$Proxy10.sendKeys(Unknown Source)<br />
              com.yahoo.actions.LogAction.login(LogAction.java:17)<br />
              com.yahoo.test.LoginTest.login(LoginTest.java:32)<br />
              sun.reflect.NativeMethodAccessorImpl.invoke0(Native Method)<br />
              sun.reflect.NativeMethodAccessorImpl.invoke(NativeMethodAccessorImpl.java:62)<br />
              sun.reflect.DelegatingMethodAccessorImpl.invoke(DelegatingMethodAccessorImpl.java:43)<br />
              java.lang.reflect.Method.invoke(Method.java:498)<br />
              org.testng.internal.MethodInvocationHelper.invokeMethod(MethodInvocationHelper.java:133)<br />
              org.testng.internal.InvokeMethodRunnable.runOne(InvokeMethodRunnable.java:51)<br />
              org.testng.internal.InvokeMethodRunnable.run(InvokeMethodRunnable.java:41)<br />
              java.util.concurrent.Executors$RunnableAdapter.call(Executors.java:511)<br />
              java.util.concurrent.FutureTask.run(FutureTask.java:266)<br />
              java.util.concurrent.ThreadPoolExecutor.runWorker(ThreadPoolExecutor.java:1142)<br />
              java.util.concurrent.ThreadPoolExecutor$Worker.run(ThreadPoolExecutor.java:617)<br />
              java.lang.Thread.run(Thread.java:745)<br />
                </div>
      </td>
</tr>
<tr>
  <td class="method">
                  login
      </td>
  <td class="duration">
    0.317s
  </td>
  <td class="result">
        
          <i>Method arguments: </i><span class="arguments">"zhangsan", "zhang.1595159"</span><br />
    
        

        <a href="javascript:toggleElement('exception-2', 'block')" title="Click to expand/collapse"><b>java.lang.AssertionError: 登录失败！</b></a><br />
    <div class="stackTrace" id="exception-2">
              org.testng.Assert.fail(Assert.java:97)<br />
              com.yahoo.test.LoginTest.login(LoginTest.java:36)<br />
              sun.reflect.NativeMethodAccessorImpl.invoke0(Native Method)<br />
              sun.reflect.NativeMethodAccessorImpl.invoke(NativeMethodAccessorImpl.java:62)<br />
              sun.reflect.DelegatingMethodAccessorImpl.invoke(DelegatingMethodAccessorImpl.java:43)<br />
              java.lang.reflect.Method.invoke(Method.java:498)<br />
              org.testng.internal.MethodInvocationHelper.invokeMethod(MethodInvocationHelper.java:133)<br />
              org.testng.internal.InvokeMethodRunnable.runOne(InvokeMethodRunnable.java:51)<br />
              org.testng.internal.InvokeMethodRunnable.run(InvokeMethodRunnable.java:41)<br />
              java.util.concurrent.Executors$RunnableAdapter.call(Executors.java:511)<br />
              java.util.concurrent.FutureTask.run(FutureTask.java:266)<br />
              java.util.concurrent.ThreadPoolExecutor.runWorker(ThreadPoolExecutor.java:1142)<br />
              java.util.concurrent.ThreadPoolExecutor$Worker.run(ThreadPoolExecutor.java:617)<br />
              java.lang.Thread.run(Thread.java:745)<br />
                </div>
      </td>
</tr>
      </table>


  
</body>
</html>
